<?xml version="1.0" encoding="UTF-8"?>
<!-- Generated by org.testng.reporters.JUnitXMLReporter -->
<testsuite ignored="0" hostname="LAPTOP-QD4098HC" failures="0" tests="1" name="Test new" time="8.492" errors="0" timestamp="2020-08-09T23:12:30 IST">
  <testcase classname="Newproject.VerifyTitle" name="@BeforeTest initialize" time="8.285">
    <failure type="java.lang.NullPointerException">
      <![CDATA[java.lang.NullPointerException
at Newproject.VerifyTitle.initialize(VerifyTitle.java:34)
at java.base/java.util.concurrent.FutureTask.run(FutureTask.java:264)
at java.base/java.util.concurrent.ThreadPoolExecutor.runWorker(ThreadPoolExecutor.java:1130)
at java.base/java.util.concurrent.ThreadPoolExecutor$Worker.run(ThreadPoolExecutor.java:630)
at java.base/java.lang.Thread.run(Thread.java:832)
... Removed 15 stack frames]]>
    </failure>
  </testcase> <!-- @BeforeTest initialize -->
  <testcase classname="Newproject.VerifyTitle" name="@AfterClass browserclose" time="-1.596994950293E9">
    <skipped/>
  </testcase> <!-- @AfterClass browserclose -->
  <testcase classname="Newproject.VerifyTitle" name="login" time="0.0">
    <skipped/>
  </testcase> <!-- login -->
</testsuite> <!-- Test new -->
